<?xml version="1.0" ?>
<coverage branch-rate="0" branches-covered="0" branches-valid="0" complexity="0" line-rate="0.1591" lines-covered="7" lines-valid="44" timestamp="1554685036099" version="4.5.3">
	<!-- Generated by coverage.py: https://coverage.readthedocs.io -->
	<!-- Based on https://raw.githubusercontent.com/cobertura/web/master/htdocs/xml/coverage-04.dtd -->
	<sources>
		<source>/code</source>
	</sources>
	<packages>
		<package branch-rate="0" complexity="0" line-rate="0.3684" name=".">
			<classes>
				<class branch-rate="0" complexity="0" filename="calculadora.py" line-rate="1" name="calculadora.py">
					<methods/>
					<lines>
						<line hits="1" number="1"/>
						<line hits="1" number="3"/>
						<line hits="1" number="4"/>
					</lines>
				</class>
				<class branch-rate="0" complexity="0" filename="manage.py" line-rate="0" name="manage.py">
					<methods/>
					<lines>
						<line hits="0" number="2"/>
						<line hits="0" number="3"/>
						<line hits="0" number="4"/>
						<line hits="0" number="7"/>
						<line hits="0" number="8"/>
						<line hits="0" number="9"/>
						<line hits="0" number="10"/>
						<line hits="0" number="11"/>
						<line hits="0" number="12"/>
						<line hits="0" number="17"/>
						<line hits="0" number="20"/>
						<line hits="0" number="21"/>
					</lines>
				</class>
				<class branch-rate="0" complexity="0" filename="tests.py" line-rate="1" name="tests.py">
					<methods/>
					<lines>
						<line hits="1" number="1"/>
						<line hits="1" number="2"/>
						<line hits="1" number="4"/>
						<line hits="1" number="5"/>
					</lines>
				</class>
			</classes>
		</package>
		<package branch-rate="0" complexity="0" line-rate="0" name="api">
			<classes>
				<class branch-rate="0" complexity="0" filename="api/__init__.py" line-rate="1" name="__init__.py">
					<methods/>
					<lines/>
				</class>
				<class branch-rate="0" complexity="0" filename="api/settings.py" line-rate="0" name="settings.py">
					<methods/>
					<lines>
						<line hits="0" number="13"/>
						<line hits="0" number="16"/>
						<line hits="0" number="23"/>
						<line hits="0" number="26"/>
						<line hits="0" number="28"/>
						<line hits="0" number="33"/>
						<line hits="0" number="42"/>
						<line hits="0" number="52"/>
						<line hits="0" number="54"/>
						<line hits="0" number="70"/>
						<line hits="0" number="76"/>
						<line hits="0" number="87"/>
						<line hits="0" number="106"/>
						<line hits="0" number="108"/>
						<line hits="0" number="110"/>
						<line hits="0" number="112"/>
						<line hits="0" number="114"/>
						<line hits="0" number="120"/>
					</lines>
				</class>
				<class branch-rate="0" complexity="0" filename="api/urls.py" line-rate="0" name="urls.py">
					<methods/>
					<lines>
						<line hits="0" number="16"/>
						<line hits="0" number="17"/>
						<line hits="0" number="19"/>
					</lines>
				</class>
				<class branch-rate="0" complexity="0" filename="api/wsgi.py" line-rate="0" name="wsgi.py">
					<methods/>
					<lines>
						<line hits="0" number="10"/>
						<line hits="0" number="12"/>
						<line hits="0" number="14"/>
						<line hits="0" number="16"/>
					</lines>
				</class>
			</classes>
		</package>
	</packages>
</coverage>
